<?xml version="1.0" encoding="UTF-8"?>
<!-- Generated by org.testng.reporters.JUnitReportReporter -->
<testsuite skipped="0" hostname="LAPTOP-FD9FNOTU" name="test.LoginTest" tests="1" failures="0" timestamp="2021-03-14T01:05:55 CST" time="2.533" errors="1">
  <testcase name="validusershouldbeabletoLogin" time="2.533" classname="test.LoginTest">
    <error type="org.openqa.selenium.SessionNotCreatedException" message="session not created: This version of ChromeDriver only supports Chrome version 87
Current browser version is 89.0.4389.82 with binary path C:\Program Files\Google\Chrome\Application\chrome.exe
Build info: version: &#039;3.141.59&#039;, revision: &#039;e82be7d358&#039;, time: &#039;2018-11-14T08:17:03&#039;
System info: host: &#039;LAPTOP-FD9FNOTU&#039;, ip: &#039;192.168.78.1&#039;, os.name: &#039;Windows 10&#039;, os.arch: &#039;amd64&#039;, os.version: &#039;10.0&#039;, java.version: &#039;1.8.0_271&#039;
Driver info: driver.version: ChromeDriver
remote stacktrace: Backtrace:
	Ordinal0 [0x0112C0C3+3326147]
	Ordinal0 [0x01010851+2164817]
	Ordinal0 [0x00E97298+619160]
	Ordinal0 [0x00E11D92+73106]
	Ordinal0 [0x00E0E119+57625]
	Ordinal0 [0x00E0C38A+50058]
	Ordinal0 [0x00E35F3E+220990]
	Ordinal0 [0x00E35CAC+220332]
	Ordinal0 [0x00E3189B+202907]
	Ordinal0 [0x00E13DF4+81396]
	Ordinal0 [0x00E14DEE+85486]
	Ordinal0 [0x00E14D79+85369]
	Ordinal0 [0x010285DC+2262492]
	GetHandleVerifier [0x012B2874+1487204]
	GetHandleVerifier [0x012B23CD+1486013]
	GetHandleVerifier [0x012BA368+1518680]
	GetHandleVerifier [0x012B2F4E+1488958]
	Ordinal0 [0x0101ED0D+2223373]
	Ordinal0 [0x0102A12B+2269483]
	Ordinal0 [0x0102A26F+2269807]
	Ordinal0 [0x0103ECB8+2354360]
	BaseThreadInitThunk [0x7509FA29+25]
	RtlGetAppContainerNamedObjectPath [0x77237C7E+286]
	RtlGetAppContainerNamedObjectPath [0x77237C4E+238]
">
      <![CDATA[org.openqa.selenium.SessionNotCreatedException: session not created: This version of ChromeDriver only supports Chrome version 87
Current browser version is 89.0.4389.82 with binary path C:\Program Files\Google\Chrome\Application\chrome.exe
Build info: version: '3.141.59', revision: 'e82be7d358', time: '2018-11-14T08:17:03'
System info: host: 'LAPTOP-FD9FNOTU', ip: '192.168.78.1', os.name: 'Windows 10', os.arch: 'amd64', os.version: '10.0', java.version: '1.8.0_271'
Driver info: driver.version: ChromeDriver
remote stacktrace: Backtrace:
Ordinal0 [0x0112C0C3+3326147]
Ordinal0 [0x01010851+2164817]
Ordinal0 [0x00E97298+619160]
Ordinal0 [0x00E11D92+73106]
Ordinal0 [0x00E0E119+57625]
Ordinal0 [0x00E0C38A+50058]
Ordinal0 [0x00E35F3E+220990]
Ordinal0 [0x00E35CAC+220332]
Ordinal0 [0x00E3189B+202907]
Ordinal0 [0x00E13DF4+81396]
Ordinal0 [0x00E14DEE+85486]
Ordinal0 [0x00E14D79+85369]
Ordinal0 [0x010285DC+2262492]
GetHandleVerifier [0x012B2874+1487204]
GetHandleVerifier [0x012B23CD+1486013]
GetHandleVerifier [0x012BA368+1518680]
GetHandleVerifier [0x012B2F4E+1488958]
Ordinal0 [0x0101ED0D+2223373]
Ordinal0 [0x0102A12B+2269483]
Ordinal0 [0x0102A26F+2269807]
Ordinal0 [0x0103ECB8+2354360]
BaseThreadInitThunk [0x7509FA29+25]
RtlGetAppContainerNamedObjectPath [0x77237C7E+286]
RtlGetAppContainerNamedObjectPath [0x77237C4E+238]

at sun.reflect.NativeConstructorAccessorImpl.newInstance0(Native Method)
at sun.reflect.NativeConstructorAccessorImpl.newInstance(NativeConstructorAccessorImpl.java:62)
at sun.reflect.DelegatingConstructorAccessorImpl.newInstance(DelegatingConstructorAccessorImpl.java:45)
at java.lang.reflect.Constructor.newInstance(Constructor.java:423)
at org.openqa.selenium.remote.W3CHandshakeResponse.lambda$errorHandler$0(W3CHandshakeResponse.java:62)
at org.openqa.selenium.remote.HandshakeResponse.lambda$getResponseFunction$0(HandshakeResponse.java:30)
at org.openqa.selenium.remote.ProtocolHandshake.lambda$createSession$0(ProtocolHandshake.java:126)
at java.util.stream.ReferencePipeline$3$1.accept(ReferencePipeline.java:193)
at java.util.Spliterators$ArraySpliterator.tryAdvance(Spliterators.java:958)
at java.util.stream.ReferencePipeline.forEachWithCancel(ReferencePipeline.java:126)
at java.util.stream.AbstractPipeline.copyIntoWithCancel(AbstractPipeline.java:499)
at java.util.stream.AbstractPipeline.copyInto(AbstractPipeline.java:486)
at java.util.stream.AbstractPipeline.wrapAndCopyInto(AbstractPipeline.java:472)
at java.util.stream.FindOps$FindOp.evaluateSequential(FindOps.java:152)
at java.util.stream.AbstractPipeline.evaluate(AbstractPipeline.java:234)
at java.util.stream.ReferencePipeline.findFirst(ReferencePipeline.java:464)
at org.openqa.selenium.remote.ProtocolHandshake.createSession(ProtocolHandshake.java:128)
at org.openqa.selenium.remote.ProtocolHandshake.createSession(ProtocolHandshake.java:74)
at org.openqa.selenium.remote.HttpCommandExecutor.execute(HttpCommandExecutor.java:136)
at org.openqa.selenium.remote.service.DriverCommandExecutor.execute(DriverCommandExecutor.java:83)
at org.openqa.selenium.remote.RemoteWebDriver.execute(RemoteWebDriver.java:552)
at org.openqa.selenium.remote.RemoteWebDriver.startSession(RemoteWebDriver.java:213)
at org.openqa.selenium.remote.RemoteWebDriver.<init>(RemoteWebDriver.java:131)
at org.openqa.selenium.chrome.ChromeDriver.<init>(ChromeDriver.java:181)
at org.openqa.selenium.chrome.ChromeDriver.<init>(ChromeDriver.java:168)
at org.openqa.selenium.chrome.ChromeDriver.<init>(ChromeDriver.java:123)
at util.BrowserFactory.init(BrowserFactory.java:41)
at test.LoginTest.validusershouldbeabletoLogin(LoginTest.java:23)
at sun.reflect.NativeMethodAccessorImpl.invoke0(Native Method)
at sun.reflect.NativeMethodAccessorImpl.invoke(NativeMethodAccessorImpl.java:62)
at sun.reflect.DelegatingMethodAccessorImpl.invoke(DelegatingMethodAccessorImpl.java:43)
at java.lang.reflect.Method.invoke(Method.java:498)
at org.testng.internal.MethodInvocationHelper.invokeMethod(MethodInvocationHelper.java:132)
at org.testng.internal.TestInvoker.invokeMethod(TestInvoker.java:599)
at org.testng.internal.TestInvoker.invokeTestMethod(TestInvoker.java:174)
at org.testng.internal.MethodRunner.runInSequence(MethodRunner.java:46)
at org.testng.internal.TestInvoker$MethodInvocationAgent.invoke(TestInvoker.java:822)
at org.testng.internal.TestInvoker.invokeTestMethods(TestInvoker.java:147)
at org.testng.internal.TestMethodWorker.invokeTestMethods(TestMethodWorker.java:146)
at org.testng.internal.TestMethodWorker.run(TestMethodWorker.java:128)
at java.util.ArrayList.forEach(ArrayList.java:1259)
at org.testng.TestRunner.privateRun(TestRunner.java:764)
at org.testng.TestRunner.run(TestRunner.java:585)
at org.testng.SuiteRunner.runTest(SuiteRunner.java:384)
at org.testng.SuiteRunner.runSequentially(SuiteRunner.java:378)
at org.testng.SuiteRunner.privateRun(SuiteRunner.java:337)
at org.testng.SuiteRunner.run(SuiteRunner.java:286)
at org.testng.SuiteRunnerWorker.runSuite(SuiteRunnerWorker.java:53)
at org.testng.SuiteRunnerWorker.run(SuiteRunnerWorker.java:96)
at org.testng.TestNG.runSuitesSequentially(TestNG.java:1218)
at org.testng.TestNG.runSuitesLocally(TestNG.java:1140)
at org.testng.TestNG.runSuites(TestNG.java:1069)
at org.testng.TestNG.run(TestNG.java:1037)
at org.testng.remote.AbstractRemoteTestNG.run(AbstractRemoteTestNG.java:115)
at org.testng.remote.RemoteTestNG.initAndRun(RemoteTestNG.java:251)
at org.testng.remote.RemoteTestNG.main(RemoteTestNG.java:77)
]]>
    </error>
  </testcase> <!-- validusershouldbeabletoLogin -->
  <system-out/>
</testsuite> <!-- test.LoginTest -->
